<?xml version="1.0" encoding="UTF-8"?>
<!-- Generated by org.testng.reporters.JUnitReportReporter -->
<testsuite skipped="0" hostname="LAPTOP-A80TIGBD" name="com.automationprac.runner.AutomationPrac_MyRunner" tests="1" failures="0" timestamp="28 Dec 2020 04:19:15 GMT" time="16.208" errors="0">
  <testcase name="feature" time="16.208" classname="com.automationprac.runner.AutomationPrac_MyRunner"/>
</testsuite> <!-- com.automationprac.runner.AutomationPrac_MyRunner -->
